This file contains any messages produced by compilers while
running configure, to aid debugging if configure makes a mistake.

It was created by mutter configure 3.10.2, which was
generated by GNU Autoconf 2.69.  Invocation command line was

  $ ./configure --enable-maintainer-mode --prefix /opt/gnome --libdir /opt/gnome/lib64 --enable-compile-warnings=maximum --enable-compile-warnings=no

## --------- ##
## Platform. ##
## --------- ##

hostname = duhast
uname -m = x86_64
uname -r = 3.12.0-7-generic
uname -s = Linux
uname -v = #15-Ubuntu SMP Sun Dec 8 23:39:27 UTC 2013

/usr/bin/uname -p = unknown
/bin/uname -X     = unknown

/bin/arch              = unknown
/usr/bin/arch -k       = unknown
/usr/convex/getsysinfo = unknown
/usr/bin/hostinfo      = unknown
/bin/machine           = unknown
/usr/bin/oslevel       = unknown
/bin/universe          = unknown

PATH: /opt/gnome/bin
PATH: /usr/lib/lightdm/lightdm
PATH: /usr/local/sbin
PATH: /usr/local/bin
PATH: /usr/sbin
PATH: /usr/bin
PATH: /sbin
PATH: /bin
PATH: /usr/games
PATH: /home/darkness/.local/bin


## ----------- ##
## Core tests. ##
## ----------- ##

configure:2637: checking for a BSD-compatible install
configure:2705: result: /home/darkness/.local/bin/install-check
configure:2716: checking whether build environment is sane
configure:2771: result: yes
configure:2922: checking for a thread-safe mkdir -p
configure:2961: result: /bin/mkdir -p
configure:2968: checking for gawk
configure:2984: found /usr/bin/gawk
configure:2995: result: gawk
configure:3006: checking whether make sets $(MAKE)
configure:3028: result: yes
configure:3057: checking whether make supports nested variables
configure:3074: result: yes
configure:3163: checking whether UID '1000' is supported by ustar format
configure:3166: result: yes
configure:3173: checking whether GID '1000' is supported by ustar format
configure:3176: result: yes
configure:3184: checking how to create a ustar tar archive
configure:3195: tar --version
tar (GNU tar) 1.27
Copyright (C) 2013 Free Software Foundation, Inc.
License GPLv3+: GNU GPL version 3 or later <http://gnu.org/licenses/gpl.html>.
This is free software: you are free to change and redistribute it.
There is NO WARRANTY, to the extent permitted by law.

Written by John Gilmore and Jay Fenlason.
configure:3198: $? = 0
configure:3238: tardir=conftest.dir && eval tar --format=ustar -chf - "$tardir" >conftest.tar
configure:3241: $? = 0
configure:3245: tar -xf - <conftest.tar
configure:3248: $? = 0
configure:3250: cat conftest.dir/file
GrepMe
configure:3253: $? = 0
configure:3266: result: gnutar
configure:3326: checking whether make supports nested variables
configure:3343: result: yes
configure:3355: checking whether to enable maintainer-specific portions of Makefiles
configure:3364: result: yes
configure:3403: checking whether NLS is requested
configure:3412: result: yes
configure:3428: checking for style of include used by make
configure:3456: result: GNU
configure:3527: checking for gcc
configure:3543: found /usr/bin/gcc
configure:3554: result: gcc
configure:3783: checking for C compiler version
configure:3792: gcc --version >&5
gcc-4.8.real (Ubuntu/Linaro 4.8.2-12ubuntu2) 4.8.2
Copyright (C) 2013 Free Software Foundation, Inc.
This is free software; see the source for copying conditions.  There is NO
warranty; not even for MERCHANTABILITY or FITNESS FOR A PARTICULAR PURPOSE.

configure:3803: $? = 0
configure:3792: gcc -v >&5
Using built-in specs.
COLLECT_GCC=/usr/bin/gcc-4.8.real
COLLECT_LTO_WRAPPER=/usr/lib/gcc/x86_64-linux-gnu/4.8/lto-wrapper
Target: x86_64-linux-gnu
Configured with: ../src/configure -v --with-pkgversion='Ubuntu/Linaro 4.8.2-12ubuntu2' --with-bugurl=file:///usr/share/doc/gcc-4.8/README.Bugs --enable-languages=c,c++,java,go,d,fortran,objc,obj-c++ --prefix=/usr --program-suffix=-4.8 --enable-shared --enable-linker-build-id --libexecdir=/usr/lib --without-included-gettext --enable-threads=posix --with-gxx-include-dir=/usr/include/c++/4.8 --libdir=/usr/lib --enable-nls --with-sysroot=/ --enable-clocale=gnu --enable-libstdcxx-debug --enable-libstdcxx-time=yes --enable-gnu-unique-object --disable-libmudflap --enable-plugin --with-system-zlib --disable-browser-plugin --enable-java-awt=gtk --enable-gtk-cairo --with-java-home=/usr/lib/jvm/java-1.5.0-gcj-4.8-amd64/jre --enable-java-home --with-jvm-root-dir=/usr/lib/jvm/java-1.5.0-gcj-4.8-amd64 --with-jvm-jar-dir=/usr/lib/jvm-exports/java-1.5.0-gcj-4.8-amd64 --with-arch-directory=amd64 --with-ecj-jar=/usr/share/java/eclipse-ecj.jar --enable-objc-gc --enable-multiarch --disable-werror --with-arch-32=i686 --with-abi=m64 --with-multilib-list=m32,m64,mx32 --with-tune=generic --enable-checking=release --build=x86_64-linux-gnu --host=x86_64-linux-gnu --target=x86_64-linux-gnu
Thread model: posix
gcc version 4.8.2 (Ubuntu/Linaro 4.8.2-12ubuntu2) 
configure:3803: $? = 0
configure:3792: gcc -V >&5
gcc-4.8.real: error: unrecognized command line option '-V'
gcc-4.8.real: fatal error: no input files
compilation terminated.
configure:3803: $? = 4
configure:3792: gcc -qversion >&5
gcc-4.8.real: error: unrecognized command line option '-qversion'
gcc-4.8.real: fatal error: no input files
compilation terminated.
configure:3803: $? = 4
configure:3823: checking whether the C compiler works
configure:3845: gcc -Wall -g -O0 -fno-omit-frame-pointer  -L/opt/gnome/lib64  conftest.c  >&5
configure:3849: $? = 0
configure:3897: result: yes
configure:3900: checking for C compiler default output file name
configure:3902: result: a.out
configure:3908: checking for suffix of executables
configure:3915: gcc -o conftest -Wall -g -O0 -fno-omit-frame-pointer  -L/opt/gnome/lib64  conftest.c  >&5
configure:3919: $? = 0
configure:3941: result: 
configure:3963: checking whether we are cross compiling
configure:3971: gcc -o conftest -Wall -g -O0 -fno-omit-frame-pointer  -L/opt/gnome/lib64  conftest.c  >&5
configure:3975: $? = 0
configure:3982: ./conftest
configure:3986: $? = 0
configure:4001: result: no
configure:4006: checking for suffix of object files
configure:4028: gcc -c -Wall -g -O0 -fno-omit-frame-pointer  conftest.c >&5
configure:4032: $? = 0
configure:4053: result: o
configure:4057: checking whether we are using the GNU C compiler
configure:4076: gcc -c -Wall -g -O0 -fno-omit-frame-pointer  conftest.c >&5
configure:4076: $? = 0
configure:4085: result: yes
configure:4094: checking whether gcc accepts -g
configure:4114: gcc -c -g  conftest.c >&5
configure:4114: $? = 0
configure:4155: result: yes
configure:4172: checking for gcc option to accept ISO C89
configure:4235: gcc  -c -Wall -g -O0 -fno-omit-frame-pointer  conftest.c >&5
configure:4235: $? = 0
configure:4248: result: none needed
configure:4273: checking whether gcc understands -c and -o together
configure:4295: gcc -c conftest.c -o conftest2.o
configure:4298: $? = 0
configure:4295: gcc -c conftest.c -o conftest2.o
configure:4298: $? = 0
configure:4310: result: yes
configure:4329: checking dependency style of gcc
configure:4440: result: gcc3
configure:4470: checking for intltool >= 0.34.90
configure:4472: result: 0.50.2 found
configure:4480: checking for intltool-update
configure:4498: found /opt/gnome/bin/intltool-update
configure:4510: result: /opt/gnome/bin/intltool-update
configure:4520: checking for intltool-merge
configure:4538: found /opt/gnome/bin/intltool-merge
configure:4550: result: /opt/gnome/bin/intltool-merge
configure:4560: checking for intltool-extract
configure:4578: found /opt/gnome/bin/intltool-extract
configure:4590: result: /opt/gnome/bin/intltool-extract
configure:4744: checking for xgettext
configure:4762: found /usr/bin/xgettext
configure:4774: result: /usr/bin/xgettext
configure:4784: checking for msgmerge
configure:4802: found /usr/bin/msgmerge
configure:4814: result: /usr/bin/msgmerge
configure:4824: checking for msgfmt
configure:4842: found /usr/bin/msgfmt
configure:4854: result: /usr/bin/msgfmt
configure:4864: checking for gmsgfmt
configure:4895: result: /usr/bin/msgfmt
configure:4915: checking for perl
configure:4933: found /usr/bin/perl
configure:4945: result: /usr/bin/perl
configure:4956: checking for perl >= 5.8.1
configure:4963: result: 5.18.1
configure:4967: checking for XML::Parser
configure:4970: result: ok
configure:4995: gcc -o conftest -Wall -g -O0 -fno-omit-frame-pointer  -L/opt/gnome/lib64  conftest.c  >&5
configure:4995: $? = 0
configure:5069: checking for gcc
configure:5096: result: gcc
configure:5325: checking for C compiler version
configure:5334: gcc --version >&5
gcc-4.8.real (Ubuntu/Linaro 4.8.2-12ubuntu2) 4.8.2
Copyright (C) 2013 Free Software Foundation, Inc.
This is free software; see the source for copying conditions.  There is NO
warranty; not even for MERCHANTABILITY or FITNESS FOR A PARTICULAR PURPOSE.

configure:5345: $? = 0
configure:5334: gcc -v >&5
Using built-in specs.
COLLECT_GCC=/usr/bin/gcc-4.8.real
COLLECT_LTO_WRAPPER=/usr/lib/gcc/x86_64-linux-gnu/4.8/lto-wrapper
Target: x86_64-linux-gnu
Configured with: ../src/configure -v --with-pkgversion='Ubuntu/Linaro 4.8.2-12ubuntu2' --with-bugurl=file:///usr/share/doc/gcc-4.8/README.Bugs --enable-languages=c,c++,java,go,d,fortran,objc,obj-c++ --prefix=/usr --program-suffix=-4.8 --enable-shared --enable-linker-build-id --libexecdir=/usr/lib --without-included-gettext --enable-threads=posix --with-gxx-include-dir=/usr/include/c++/4.8 --libdir=/usr/lib --enable-nls --with-sysroot=/ --enable-clocale=gnu --enable-libstdcxx-debug --enable-libstdcxx-time=yes --enable-gnu-unique-object --disable-libmudflap --enable-plugin --with-system-zlib --disable-browser-plugin --enable-java-awt=gtk --enable-gtk-cairo --with-java-home=/usr/lib/jvm/java-1.5.0-gcj-4.8-amd64/jre --enable-java-home --with-jvm-root-dir=/usr/lib/jvm/java-1.5.0-gcj-4.8-amd64 --with-jvm-jar-dir=/usr/lib/jvm-exports/java-1.5.0-gcj-4.8-amd64 --with-arch-directory=amd64 --with-ecj-jar=/usr/share/java/eclipse-ecj.jar --enable-objc-gc --enable-multiarch --disable-werror --with-arch-32=i686 --with-abi=m64 --with-multilib-list=m32,m64,mx32 --with-tune=generic --enable-checking=release --build=x86_64-linux-gnu --host=x86_64-linux-gnu --target=x86_64-linux-gnu
Thread model: posix
gcc version 4.8.2 (Ubuntu/Linaro 4.8.2-12ubuntu2) 
configure:5345: $? = 0
configure:5334: gcc -V >&5
gcc-4.8.real: error: unrecognized command line option '-V'
gcc-4.8.real: fatal error: no input files
compilation terminated.
configure:5345: $? = 4
configure:5334: gcc -qversion >&5
gcc-4.8.real: error: unrecognized command line option '-qversion'
gcc-4.8.real: fatal error: no input files
compilation terminated.
configure:5345: $? = 4
configure:5349: checking whether we are using the GNU C compiler
configure:5377: result: yes
configure:5386: checking whether gcc accepts -g
configure:5447: result: yes
configure:5464: checking for gcc option to accept ISO C89
configure:5540: result: none needed
configure:5565: checking whether gcc understands -c and -o together
configure:5602: result: yes
configure:5621: checking dependency style of gcc
configure:5732: result: gcc3
configure:5747: checking for library containing strerror
configure:5778: gcc -o conftest -Wall -g -O0 -fno-omit-frame-pointer  -L/opt/gnome/lib64  conftest.c  >&5
configure:5778: $? = 0
configure:5795: result: none required
configure:5808: checking how to run the C preprocessor
configure:5839: gcc -E  conftest.c
configure:5839: $? = 0
configure:5853: gcc -E  conftest.c
conftest.c:12:28: fatal error: ac_nonexistent.h: No such file or directory
 #include <ac_nonexistent.h>
                            ^
compilation terminated.
configure:5853: $? = 1
configure: failed program was:
| /* confdefs.h */
| #define PACKAGE_NAME "mutter"
| #define PACKAGE_TARNAME "mutter"
| #define PACKAGE_VERSION "3.10.2"
| #define PACKAGE_STRING "mutter 3.10.2"
| #define PACKAGE_BUGREPORT "http://bugzilla.gnome.org/enter_bug.cgi?product=mutter"
| #define PACKAGE_URL ""
| #define PACKAGE "mutter"
| #define VERSION "3.10.2"
| #define GETTEXT_PACKAGE "mutter"
| /* end confdefs.h.  */
| #include <ac_nonexistent.h>
configure:5878: result: gcc -E
configure:5898: gcc -E  conftest.c
configure:5898: $? = 0
configure:5912: gcc -E  conftest.c
conftest.c:12:28: fatal error: ac_nonexistent.h: No such file or directory
 #include <ac_nonexistent.h>
                            ^
compilation terminated.
configure:5912: $? = 1
configure: failed program was:
| /* confdefs.h */
| #define PACKAGE_NAME "mutter"
| #define PACKAGE_TARNAME "mutter"
| #define PACKAGE_VERSION "3.10.2"
| #define PACKAGE_STRING "mutter 3.10.2"
| #define PACKAGE_BUGREPORT "http://bugzilla.gnome.org/enter_bug.cgi?product=mutter"
| #define PACKAGE_URL ""
| #define PACKAGE "mutter"
| #define VERSION "3.10.2"
| #define GETTEXT_PACKAGE "mutter"
| /* end confdefs.h.  */
| #include <ac_nonexistent.h>
configure:5941: checking for grep that handles long lines and -e
configure:5999: result: /bin/grep
configure:6004: checking for egrep
configure:6066: result: /bin/grep -E
configure:6071: checking for ANSI C header files
configure:6091: gcc -c -Wall -g -O0 -fno-omit-frame-pointer  conftest.c >&5
configure:6091: $? = 0
configure:6164: gcc -o conftest -Wall -g -O0 -fno-omit-frame-pointer  -L/opt/gnome/lib64  conftest.c  >&5
configure:6164: $? = 0
configure:6164: ./conftest
configure:6164: $? = 0
configure:6175: result: yes
configure:6187: checking build system type
configure:6201: result: x86_64-unknown-linux-gnu
configure:6221: checking host system type
configure:6234: result: x86_64-unknown-linux-gnu
configure:6603: checking how to print strings
configure:6630: result: printf
configure:6651: checking for a sed that does not truncate output
configure:6715: result: /bin/sed
configure:6733: checking for fgrep
configure:6795: result: /bin/grep -F
configure:6830: checking for ld used by gcc
configure:6897: result: /usr/bin/ld
configure:6904: checking if the linker (/usr/bin/ld) is GNU ld
configure:6919: result: yes
configure:6931: checking for BSD- or MS-compatible name lister (nm)
configure:6980: result: /usr/bin/nm -B
configure:7110: checking the name lister (/usr/bin/nm -B) interface
configure:7117: gcc -c -Wall -g -O0 -fno-omit-frame-pointer  conftest.c >&5
configure:7120: /usr/bin/nm -B "conftest.o"
configure:7123: output
0000000000000000 B some_variable
configure:7130: result: BSD nm
configure:7133: checking whether ln -s works
configure:7137: result: yes
configure:7145: checking the maximum length of command line arguments
configure:7276: result: 1572864
configure:7293: checking whether the shell understands some XSI constructs
configure:7303: result: yes
configure:7307: checking whether the shell understands "+="
configure:7313: result: yes
configure:7348: checking how to convert x86_64-unknown-linux-gnu file names to x86_64-unknown-linux-gnu format
configure:7388: result: func_convert_file_noop
configure:7395: checking how to convert x86_64-unknown-linux-gnu file names to toolchain format
configure:7415: result: func_convert_file_noop
configure:7422: checking for /usr/bin/ld option to reload object files
configure:7429: result: -r
configure:7503: checking for objdump
configure:7530: result: objdump
configure:7559: checking how to recognize dependent libraries
configure:7757: result: pass_all
configure:7842: checking for dlltool
configure:7869: result: dlltool
configure:7899: checking how to associate runtime and link libraries
configure:7926: result: printf %s\n
configure:7986: checking for ar
configure:8002: found /usr/bin/ar
configure:8013: result: ar
configure:8050: checking for archiver @FILE support
configure:8067: gcc -c -Wall -g -O0 -fno-omit-frame-pointer  conftest.c >&5
configure:8067: $? = 0
configure:8070: ar cru libconftest.a @conftest.lst >&5
configure:8073: $? = 0
configure:8078: ar cru libconftest.a @conftest.lst >&5
ar: conftest.o: No such file or directory
configure:8081: $? = 1
configure:8093: result: @
configure:8151: checking for strip
configure:8167: found /usr/bin/strip
configure:8178: result: strip
configure:8250: checking for ranlib
configure:8266: found /usr/bin/ranlib
configure:8277: result: ranlib
configure:8379: checking command to parse /usr/bin/nm -B output from gcc object
configure:8499: gcc -c -Wall -g -O0 -fno-omit-frame-pointer  conftest.c >&5
configure:8502: $? = 0
configure:8506: /usr/bin/nm -B conftest.o \| sed -n -e 's/^.*[ ]\([ABCDGIRSTW][ABCDGIRSTW]*\)[ ][ ]*\([_A-Za-z][_A-Za-z0-9]*\)$/\1 \2 \2/p' | sed '/ __gnu_lto/d' \> conftest.nm
configure:8509: $? = 0
configure:8575: gcc -o conftest -Wall -g -O0 -fno-omit-frame-pointer  -L/opt/gnome/lib64  conftest.c conftstm.o >&5
configure:8578: $? = 0
configure:8616: result: ok
configure:8653: checking for sysroot
configure:8683: result: no
configure:8760: gcc -c -Wall -g -O0 -fno-omit-frame-pointer  conftest.c >&5
configure:8763: $? = 0
configure:8952: checking for mt
configure:8968: found /bin/mt
configure:8979: result: mt
configure:9002: checking if mt is a manifest tool
configure:9008: mt '-?'
configure:9016: result: no
configure:9658: checking for sys/types.h
configure:9658: gcc -c -Wall -g -O0 -fno-omit-frame-pointer  conftest.c >&5
configure:9658: $? = 0
configure:9658: result: yes
configure:9658: checking for sys/stat.h
configure:9658: gcc -c -Wall -g -O0 -fno-omit-frame-pointer  conftest.c >&5
configure:9658: $? = 0
configure:9658: result: yes
configure:9658: checking for stdlib.h
configure:9658: gcc -c -Wall -g -O0 -fno-omit-frame-pointer  conftest.c >&5
configure:9658: $? = 0
configure:9658: result: yes
configure:9658: checking for string.h
configure:9658: gcc -c -Wall -g -O0 -fno-omit-frame-pointer  conftest.c >&5
configure:9658: $? = 0
configure:9658: result: yes
configure:9658: checking for memory.h
configure:9658: gcc -c -Wall -g -O0 -fno-omit-frame-pointer  conftest.c >&5
configure:9658: $? = 0
configure:9658: result: yes
configure:9658: checking for strings.h
configure:9658: gcc -c -Wall -g -O0 -fno-omit-frame-pointer  conftest.c >&5
configure:9658: $? = 0
configure:9658: result: yes
configure:9658: checking for inttypes.h
configure:9658: gcc -c -Wall -g -O0 -fno-omit-frame-pointer  conftest.c >&5
configure:9658: $? = 0
configure:9658: result: yes
configure:9658: checking for stdint.h
configure:9658: gcc -c -Wall -g -O0 -fno-omit-frame-pointer  conftest.c >&5
configure:9658: $? = 0
configure:9658: result: yes
configure:9658: checking for unistd.h
configure:9658: gcc -c -Wall -g -O0 -fno-omit-frame-pointer  conftest.c >&5
configure:9658: $? = 0
configure:9658: result: yes
configure:9672: checking for dlfcn.h
configure:9672: gcc -c -Wall -g -O0 -fno-omit-frame-pointer  conftest.c >&5
configure:9672: $? = 0
configure:9672: result: yes
configure:9876: checking for objdir
configure:9891: result: .libs
configure:10162: checking if gcc supports -fno-rtti -fno-exceptions
configure:10180: gcc -c -Wall -g -O0 -fno-omit-frame-pointer  -fno-rtti -fno-exceptions conftest.c >&5
cc1: warning: command line option '-fno-rtti' is valid for C++/ObjC++ but not for C [enabled by default]
configure:10184: $? = 0
configure:10197: result: no
configure:10524: checking for gcc option to produce PIC
configure:10531: result: -fPIC -DPIC
configure:10539: checking if gcc PIC flag -fPIC -DPIC works
configure:10557: gcc -c -Wall -g -O0 -fno-omit-frame-pointer  -fPIC -DPIC -DPIC conftest.c >&5
configure:10561: $? = 0
configure:10574: result: yes
configure:10603: checking if gcc static flag -static works
configure:10631: result: yes
configure:10646: checking if gcc supports -c -o file.o
configure:10667: gcc -c -Wall -g -O0 -fno-omit-frame-pointer  -o out/conftest2.o conftest.c >&5
configure:10671: $? = 0
configure:10693: result: yes
configure:10701: checking if gcc supports -c -o file.o
configure:10748: result: yes
configure:10781: checking whether the gcc linker (/usr/bin/ld -m elf_x86_64) supports shared libraries
configure:11938: result: yes
configure:11975: checking whether -lc should be explicitly linked in
configure:11983: gcc -c -Wall -g -O0 -fno-omit-frame-pointer  conftest.c >&5
configure:11986: $? = 0
configure:12001: gcc -shared  -fPIC -DPIC conftest.o  -v -Wl,-soname -Wl,conftest -o conftest 2\>\&1 \| /bin/grep  -lc  \>/dev/null 2\>\&1
configure:12004: $? = 0
configure:12018: result: no
configure:12178: checking dynamic linker characteristics
configure:12678: gcc -o conftest -Wall -g -O0 -fno-omit-frame-pointer  -L/opt/gnome/lib64  -Wl,-rpath -Wl,/foo conftest.c  >&5
configure:12678: $? = 0
configure:12912: result: GNU/Linux ld.so
configure:13019: checking how to hardcode library paths into programs
configure:13044: result: immediate
configure:13584: checking whether stripping libraries is possible
configure:13589: result: yes
configure:13624: checking if libtool supports shared libraries
configure:13626: result: yes
configure:13629: checking whether to build shared libraries
configure:13650: result: yes
configure:13653: checking whether to build static libraries
configure:13657: result: yes
configure:13780: checking for pkg-config
configure:13798: found /usr/bin/pkg-config
configure:13810: result: /usr/bin/pkg-config
configure:13835: checking pkg-config is at least version 0.16
configure:13838: result: yes
configure:13855: checking for GLIB - version >= 2.0.0
configure:13967: gcc -o conftest -Wall -g -O0 -fno-omit-frame-pointer -I/opt/gnome/include/glib-2.0 -I/opt/gnome/lib64/glib-2.0/include    -L/opt/gnome/lib64  conftest.c -L/opt/gnome/lib64 -lglib-2.0    >&5
configure:13967: $? = 0
configure:13967: ./conftest
configure:13967: $? = 0
configure:13981: result: yes (version 2.39.3)
configure:14056: checking size of char
configure:14061: gcc -o conftest -Wall -g -O0 -fno-omit-frame-pointer  -L/opt/gnome/lib64  conftest.c  >&5
configure:14061: $? = 0
configure:14061: ./conftest
configure:14061: $? = 0
configure:14075: result: 1
configure:14089: checking size of short
configure:14094: gcc -o conftest -Wall -g -O0 -fno-omit-frame-pointer  -L/opt/gnome/lib64  conftest.c  >&5
configure:14094: $? = 0
configure:14094: ./conftest
configure:14094: $? = 0
configure:14108: result: 2
configure:14122: checking size of long
configure:14127: gcc -o conftest -Wall -g -O0 -fno-omit-frame-pointer  -L/opt/gnome/lib64  conftest.c  >&5
configure:14127: $? = 0
configure:14127: ./conftest
configure:14127: $? = 0
configure:14141: result: 8
configure:14155: checking size of int
configure:14160: gcc -o conftest -Wall -g -O0 -fno-omit-frame-pointer  -L/opt/gnome/lib64  conftest.c  >&5
configure:14160: $? = 0
configure:14160: ./conftest
configure:14160: $? = 0
configure:14174: result: 4
configure:14188: checking size of void *
configure:14193: gcc -o conftest -Wall -g -O0 -fno-omit-frame-pointer  -L/opt/gnome/lib64  conftest.c  >&5
configure:14193: $? = 0
configure:14193: ./conftest
configure:14193: $? = 0
configure:14207: result: 8
configure:14221: checking size of long long
configure:14226: gcc -o conftest -Wall -g -O0 -fno-omit-frame-pointer  -L/opt/gnome/lib64  conftest.c  >&5
configure:14226: $? = 0
configure:14226: ./conftest
configure:14226: $? = 0
configure:14240: result: 8
configure:14254: checking size of __int64
configure:14259: gcc -o conftest -Wall -g -O0 -fno-omit-frame-pointer  -L/opt/gnome/lib64  conftest.c  >&5
conftest.c: In function 'longval':
conftest.c:63:57: error: '__int64' undeclared (first use in this function)
 static long int longval () { return (long int) (sizeof (__int64)); }
                                                         ^
conftest.c:63:57: note: each undeclared identifier is reported only once for each function it appears in
conftest.c: In function 'ulongval':
conftest.c:64:67: error: '__int64' undeclared (first use in this function)
 static unsigned long int ulongval () { return (long int) (sizeof (__int64)); }
                                                                   ^
conftest.c: In function 'main':
conftest.c:74:28: error: '__int64' undeclared (first use in this function)
   if (((long int) (sizeof (__int64))) < 0)
                            ^
conftest.c: In function 'longval':
conftest.c:63:1: warning: control reaches end of non-void function [-Wreturn-type]
 static long int longval () { return (long int) (sizeof (__int64)); }
 ^
conftest.c: In function 'ulongval':
conftest.c:64:1: warning: control reaches end of non-void function [-Wreturn-type]
 static unsigned long int ulongval () { return (long int) (sizeof (__int64)); }
 ^
configure:14259: $? = 1
configure: program exited with status 1
configure: failed program was:
| /* confdefs.h */
| #define PACKAGE_NAME "mutter"
| #define PACKAGE_TARNAME "mutter"
| #define PACKAGE_VERSION "3.10.2"
| #define PACKAGE_STRING "mutter 3.10.2"
| #define PACKAGE_BUGREPORT "http://bugzilla.gnome.org/enter_bug.cgi?product=mutter"
| #define PACKAGE_URL ""
| #define PACKAGE "mutter"
| #define VERSION "3.10.2"
| #define GETTEXT_PACKAGE "mutter"
| #define STDC_HEADERS 1
| #define HAVE_SYS_TYPES_H 1
| #define HAVE_SYS_STAT_H 1
| #define HAVE_STDLIB_H 1
| #define HAVE_STRING_H 1
| #define HAVE_MEMORY_H 1
| #define HAVE_STRINGS_H 1
| #define HAVE_INTTYPES_H 1
| #define HAVE_STDINT_H 1
| #define HAVE_UNISTD_H 1
| #define HAVE_DLFCN_H 1
| #define LT_OBJDIR ".libs/"
| #define SIZEOF_CHAR 1
| #define SIZEOF_SHORT 2
| #define SIZEOF_LONG 8
| #define SIZEOF_INT 4
| #define SIZEOF_VOID_P 8
| #define SIZEOF_LONG_LONG 8
| /* end confdefs.h.  */
| #include <stdio.h>
| #ifdef HAVE_SYS_TYPES_H
| # include <sys/types.h>
| #endif
| #ifdef HAVE_SYS_STAT_H
| # include <sys/stat.h>
| #endif
| #ifdef STDC_HEADERS
| # include <stdlib.h>
| # include <stddef.h>
| #else
| # ifdef HAVE_STDLIB_H
| #  include <stdlib.h>
| # endif
| #endif
| #ifdef HAVE_STRING_H
| # if !defined STDC_HEADERS && defined HAVE_MEMORY_H
| #  include <memory.h>
| # endif
| # include <string.h>
| #endif
| #ifdef HAVE_STRINGS_H
| # include <strings.h>
| #endif
| #ifdef HAVE_INTTYPES_H
| # include <inttypes.h>
| #endif
| #ifdef HAVE_STDINT_H
| # include <stdint.h>
| #endif
| #ifdef HAVE_UNISTD_H
| # include <unistd.h>
| #endif
| static long int longval () { return (long int) (sizeof (__int64)); }
| static unsigned long int ulongval () { return (long int) (sizeof (__int64)); }
| #include <stdio.h>
| #include <stdlib.h>
| int
| main ()
| {
| 
|   FILE *f = fopen ("conftest.val", "w");
|   if (! f)
|     return 1;
|   if (((long int) (sizeof (__int64))) < 0)
|     {
|       long int i = longval ();
|       if (i != ((long int) (sizeof (__int64))))
| 	return 1;
|       fprintf (f, "%ld", i);
|     }
|   else
|     {
|       unsigned long int i = ulongval ();
|       if (i != ((long int) (sizeof (__int64))))
| 	return 1;
|       fprintf (f, "%lu", i);
|     }
|   /* Do not output a trailing newline, as this causes \r\n confusion
|      on some platforms.  */
|   return ferror (f) || fclose (f) != 0;
| 
|   ;
|   return 0;
| }
configure:14273: result: 0
configure:14285: checking whether byte ordering is bigendian
configure:14300: gcc -c -Wall -g -O0 -fno-omit-frame-pointer  conftest.c >&5
conftest.c:32:9: error: unknown type name 'not'
         not a universal capable compiler
         ^
conftest.c:32:15: error: expected '=', ',', ';', 'asm' or '__attribute__' before 'universal'
         not a universal capable compiler
               ^
conftest.c:32:15: error: unknown type name 'universal'
configure:14300: $? = 1
configure: failed program was:
| /* confdefs.h */
| #define PACKAGE_NAME "mutter"
| #define PACKAGE_TARNAME "mutter"
| #define PACKAGE_VERSION "3.10.2"
| #define PACKAGE_STRING "mutter 3.10.2"
| #define PACKAGE_BUGREPORT "http://bugzilla.gnome.org/enter_bug.cgi?product=mutter"
| #define PACKAGE_URL ""
| #define PACKAGE "mutter"
| #define VERSION "3.10.2"
| #define GETTEXT_PACKAGE "mutter"
| #define STDC_HEADERS 1
| #define HAVE_SYS_TYPES_H 1
| #define HAVE_SYS_STAT_H 1
| #define HAVE_STDLIB_H 1
| #define HAVE_STRING_H 1
| #define HAVE_MEMORY_H 1
| #define HAVE_STRINGS_H 1
| #define HAVE_INTTYPES_H 1
| #define HAVE_STDINT_H 1
| #define HAVE_UNISTD_H 1
| #define HAVE_DLFCN_H 1
| #define LT_OBJDIR ".libs/"
| #define SIZEOF_CHAR 1
| #define SIZEOF_SHORT 2
| #define SIZEOF_LONG 8
| #define SIZEOF_INT 4
| #define SIZEOF_VOID_P 8
| #define SIZEOF_LONG_LONG 8
| #define SIZEOF___INT64 0
| /* end confdefs.h.  */
| #ifndef __APPLE_CC__
| 	       not a universal capable compiler
| 	     #endif
| 	     typedef int dummy;
| 
configure:14345: gcc -c -Wall -g -O0 -fno-omit-frame-pointer  conftest.c >&5
configure:14345: $? = 0
configure:14363: gcc -c -Wall -g -O0 -fno-omit-frame-pointer  conftest.c >&5
conftest.c: In function 'main':
conftest.c:38:4: error: unknown type name 'not'
    not big endian
    ^
conftest.c:38:12: error: expected '=', ',', ';', 'asm' or '__attribute__' before 'endian'
    not big endian
            ^
configure:14363: $? = 1
configure: failed program was:
| /* confdefs.h */
| #define PACKAGE_NAME "mutter"
| #define PACKAGE_TARNAME "mutter"
| #define PACKAGE_VERSION "3.10.2"
| #define PACKAGE_STRING "mutter 3.10.2"
| #define PACKAGE_BUGREPORT "http://bugzilla.gnome.org/enter_bug.cgi?product=mutter"
| #define PACKAGE_URL ""
| #define PACKAGE "mutter"
| #define VERSION "3.10.2"
| #define GETTEXT_PACKAGE "mutter"
| #define STDC_HEADERS 1
| #define HAVE_SYS_TYPES_H 1
| #define HAVE_SYS_STAT_H 1
| #define HAVE_STDLIB_H 1
| #define HAVE_STRING_H 1
| #define HAVE_MEMORY_H 1
| #define HAVE_STRINGS_H 1
| #define HAVE_INTTYPES_H 1
| #define HAVE_STDINT_H 1
| #define HAVE_UNISTD_H 1
| #define HAVE_DLFCN_H 1
| #define LT_OBJDIR ".libs/"
| #define SIZEOF_CHAR 1
| #define SIZEOF_SHORT 2
| #define SIZEOF_LONG 8
| #define SIZEOF_INT 4
| #define SIZEOF_VOID_P 8
| #define SIZEOF_LONG_LONG 8
| #define SIZEOF___INT64 0
| /* end confdefs.h.  */
| #include <sys/types.h>
| 		#include <sys/param.h>
| 
| int
| main ()
| {
| #if BYTE_ORDER != BIG_ENDIAN
| 		 not big endian
| 		#endif
| 
|   ;
|   return 0;
| }
configure:14491: result: no
configure:14594: checking for pkg-config
configure:14624: result: /usr/bin/pkg-config
configure:14649: checking pkg-config is at least version 0.16
configure:14652: result: yes
configure:14819: checking locale.h usability
configure:14819: gcc -c -Wall -g -O0 -fno-omit-frame-pointer  conftest.c >&5
configure:14819: $? = 0
configure:14819: result: yes
configure:14819: checking locale.h presence
configure:14819: gcc -E  conftest.c
configure:14819: $? = 0
configure:14819: result: yes
configure:14819: checking for locale.h
configure:14819: result: yes
configure:14830: checking for LC_MESSAGES
configure:14846: gcc -o conftest -Wall -g -O0 -fno-omit-frame-pointer  -L/opt/gnome/lib64  conftest.c  >&5
configure:14846: $? = 0
configure:14854: result: yes
configure:14871: checking libintl.h usability
configure:14871: gcc -c -Wall -g -O0 -fno-omit-frame-pointer  conftest.c >&5
configure:14871: $? = 0
configure:14871: result: yes
configure:14871: checking libintl.h presence
configure:14871: gcc -E  conftest.c
configure:14871: $? = 0
configure:14871: result: yes
configure:14871: checking for libintl.h
configure:14871: result: yes
configure:14879: checking for ngettext in libc
configure:14897: gcc -o conftest -Wall -g -O0 -fno-omit-frame-pointer  -L/opt/gnome/lib64  conftest.c  >&5
configure:14897: $? = 0
configure:14906: result: yes
configure:14910: checking for dgettext in libc
configure:14928: gcc -o conftest -Wall -g -O0 -fno-omit-frame-pointer  -L/opt/gnome/lib64  conftest.c  >&5
configure:14928: $? = 0
configure:14937: result: yes
configure:14944: checking for bind_textdomain_codeset
configure:14944: gcc -o conftest -Wall -g -O0 -fno-omit-frame-pointer  -L/opt/gnome/lib64  conftest.c  >&5
configure:14944: $? = 0
configure:14944: result: yes
configure:15220: checking for msgfmt
configure:15247: result: /usr/bin/msgfmt
configure:15258: checking for dcgettext
configure:15258: gcc -o conftest -Wall -g -O0 -fno-omit-frame-pointer  -L/opt/gnome/lib64  conftest.c   >&5
conftest.c:59:6: warning: conflicting types for built-in function 'dcgettext' [enabled by default]
 char dcgettext ();
      ^
configure:15258: $? = 0
configure:15258: result: yes
configure:15268: checking if msgfmt accepts -c
configure:15283: $MSGFMT -c -o /dev/null conftest.foo
conftest.foo:3: warning: header field 'Language' missing in header
configure:15286: $? = 0
configure:15288: result: yes
configure:15298: checking for gmsgfmt
configure:15329: result: /usr/bin/msgfmt
configure:15339: checking for xgettext
configure:15366: result: /usr/bin/xgettext
configure:15385: gcc -o conftest -Wall -g -O0 -fno-omit-frame-pointer  -L/opt/gnome/lib64  conftest.c   >&5
configure:15385: $? = 0
configure:15529: checking for ALL
configure:15536: $PKG_CONFIG --exists --print-errors "glib-2.0 >= 2.14.0"
configure:15539: $? = 0
configure:15553: $PKG_CONFIG --exists --print-errors "glib-2.0 >= 2.14.0"
configure:15556: $? = 0
configure:15614: result: yes
configure:15624: checking Startup notification library >= 0.7
configure:15631: result: yes
configure:15654: checking libcanberra-gtk
configure:15662: result: yes
configure:15689: checking for gobject-introspection
configure:15720: $PKG_CONFIG --exists --print-errors "gobject-introspection-1.0 >= $INTROSPECTION_VERSION"
configure:15723: $? = 0
configure:15735: result: yes
configure:15787: checking Xcursor
configure:15794: result: yes
configure:15807: checking for MUTTER
configure:15814: $PKG_CONFIG --exists --print-errors "$MUTTER_PC_MODULES"
configure:15817: $? = 0
configure:15831: $PKG_CONFIG --exists --print-errors "$MUTTER_PC_MODULES"
configure:15834: $? = 0
configure:15892: result: yes
configure:15898: $PKG_CONFIG --exists --print-errors "xi >= 1.6.99.1"
configure:15901: $? = 0
configure:15912: checking for CLUTTER
configure:15919: $PKG_CONFIG --exists --print-errors "$CLUTTER_PACKAGE"
configure:15922: $? = 0
configure:15936: $PKG_CONFIG --exists --print-errors "$CLUTTER_PACKAGE"
configure:15939: $? = 0
configure:15997: result: yes
configure:16002: checking for X
configure:16141: gcc -o conftest -Wall -g -O0 -fno-omit-frame-pointer  -L/opt/gnome/lib64  conftest.c -lX11  >&5
configure:16141: $? = 0
configure:16191: result: libraries , headers 
configure:16290: gcc -o conftest -Wall -g -O0 -fno-omit-frame-pointer  -L/opt/gnome/lib64  conftest.c   -lX11 >&5
configure:16290: $? = 0
configure:16388: checking for gethostbyname
configure:16388: gcc -o conftest -Wall -g -O0 -fno-omit-frame-pointer  -L/opt/gnome/lib64  conftest.c  >&5
configure:16388: $? = 0
configure:16388: result: yes
configure:16485: checking for connect
configure:16485: gcc -o conftest -Wall -g -O0 -fno-omit-frame-pointer  -L/opt/gnome/lib64  conftest.c  >&5
configure:16485: $? = 0
configure:16485: result: yes
configure:16534: checking for remove
configure:16534: gcc -o conftest -Wall -g -O0 -fno-omit-frame-pointer  -L/opt/gnome/lib64  conftest.c  >&5
configure:16534: $? = 0
configure:16534: result: yes
configure:16583: checking for shmat
configure:16583: gcc -o conftest -Wall -g -O0 -fno-omit-frame-pointer  -L/opt/gnome/lib64  conftest.c  >&5
configure:16583: $? = 0
configure:16583: result: yes
configure:16641: checking for IceConnectionNumber in -lICE
configure:16666: gcc -o conftest -Wall -g -O0 -fno-omit-frame-pointer  -L/opt/gnome/lib64  conftest.c -lICE   >&5
configure:16666: $? = 0
configure:16675: result: yes
configure:16695: checking for XineramaQueryExtension in -lXinerama
configure:16720: gcc -o conftest -Wall -g -O0 -fno-omit-frame-pointer   -L/opt/gnome/lib64  conftest.c -lXinerama -lXext   -lSM -lICE -lX11   >&5
configure:16720: $? = 0
configure:16729: result: yes
configure:16732: checking for X11/extensions/Xinerama.h
configure:16732: gcc -c -Wall -g -O0 -fno-omit-frame-pointer   conftest.c >&5
configure:16732: $? = 0
configure:16732: result: yes
configure:16748: checking for Xinerama support
configure:16750: result: yes
configure:16761: checking for XShapeQueryExtension in -lXext
configure:16786: gcc -o conftest -Wall -g -O0 -fno-omit-frame-pointer  -L/opt/gnome/lib64  conftest.c -lXext   -lSM -lICE -lX11   >&5
configure:16786: $? = 0
configure:16795: result: yes
configure:16798: checking X11/extensions/shape.h usability
configure:16798: gcc -c -Wall -g -O0 -fno-omit-frame-pointer  conftest.c >&5
configure:16798: $? = 0
configure:16798: result: yes
configure:16798: checking X11/extensions/shape.h presence
configure:16798: gcc -E  conftest.c
configure:16798: $? = 0
configure:16798: result: yes
configure:16798: checking for X11/extensions/shape.h
configure:16798: result: yes
configure:16825: checking for XkbQueryExtension in -lX11
configure:16850: gcc -o conftest -Wall -g -O0 -fno-omit-frame-pointer  -L/opt/gnome/lib64  conftest.c -lX11   -lSM -lICE -lX11   >&5
configure:16850: $? = 0
configure:16859: result: yes
configure:16862: checking X11/XKBlib.h usability
configure:16862: gcc -c -Wall -g -O0 -fno-omit-frame-pointer  conftest.c >&5
configure:16862: $? = 0
configure:16862: result: yes
configure:16862: checking X11/XKBlib.h presence
configure:16862: gcc -E  conftest.c
configure:16862: $? = 0
configure:16862: result: yes
configure:16862: checking for X11/XKBlib.h
configure:16862: result: yes
configure:16880: checking for XRRUpdateConfiguration in -lXrandr
configure:16905: gcc -o conftest -Wall -g -O0 -fno-omit-frame-pointer  -L/opt/gnome/lib64  conftest.c -lXrandr -lXrender -lXext   -lSM -lICE -lX11   >&5
configure:16905: $? = 0
configure:16914: result: yes
configure:16917: checking for X11/extensions/Xrandr.h
configure:16917: gcc -c -Wall -g -O0 -fno-omit-frame-pointer  conftest.c >&5
configure:16917: $? = 0
configure:16917: result: yes
configure:16935: checking for XSyncQueryExtension in -lXext
configure:16960: gcc -o conftest -Wall -g -O0 -fno-omit-frame-pointer  -L/opt/gnome/lib64  conftest.c -lXext   -lSM -lICE -lX11   >&5
configure:16960: $? = 0
configure:16969: result: yes
configure:16972: checking for X11/extensions/sync.h
configure:16972: gcc -c -Wall -g -O0 -fno-omit-frame-pointer  conftest.c >&5
configure:16972: $? = 0
configure:16972: result: yes
configure:17093: checking for gdk-pixbuf-csource
configure:17111: found /opt/gnome/bin/gdk-pixbuf-csource
configure:17124: result: /opt/gnome/bin/gdk-pixbuf-csource
configure:17141: checking for zenity
configure:17159: found /opt/gnome/bin/zenity
configure:17172: result: /opt/gnome/bin/zenity
configure:17200: checking for gtkdoc-check
configure:17216: found /opt/gnome/bin/gtkdoc-check
configure:17227: result: gtkdoc-check.test
configure:17237: checking for gtkdoc-check
configure:17255: found /opt/gnome/bin/gtkdoc-check
configure:17267: result: /opt/gnome/bin/gtkdoc-check
configure:17279: checking for gtkdoc-rebase
configure:17297: found /opt/gnome/bin/gtkdoc-rebase
configure:17309: result: /opt/gnome/bin/gtkdoc-rebase
configure:17323: checking for gtkdoc-mkpdf
configure:17341: found /opt/gnome/bin/gtkdoc-mkpdf
configure:17353: result: /opt/gnome/bin/gtkdoc-mkpdf
configure:17467: checking whether to build gtk-doc documentation
configure:17469: result: no
configure:17718: checking that generated files are newer than configure
configure:17724: result: done
configure:17788: creating ./config.status

## ---------------------- ##
## Running config.status. ##
## ---------------------- ##

This file was extended by mutter config.status 3.10.2, which was
generated by GNU Autoconf 2.69.  Invocation command line was

  CONFIG_FILES    = 
  CONFIG_HEADERS  = 
  CONFIG_LINKS    = 
  CONFIG_COMMANDS = 
  $ ./config.status 

on duhast

config.status:1310: creating Makefile
config.status:1310: creating doc/Makefile
config.status:1310: creating doc/man/Makefile
config.status:1310: creating doc/reference/Makefile
config.status:1310: creating doc/reference/meta-docs.sgml
config.status:1310: creating src/Makefile
config.status:1310: creating src/libmutter.pc
config.status:1310: creating src/mutter-plugins.pc
config.status:1310: creating src/compositor/plugins/Makefile
config.status:1310: creating src/displayconfig/Makefile
config.status:1310: creating po/Makefile.in
config.status:1310: creating config.h
config.status:1491: config.h is unchanged
config.status:1539: executing depfiles commands
config.status:1539: executing libtool commands
config.status:1539: executing default-1 commands
config.status:1539: executing po/stamp-it commands

## ---------------- ##
## Cache variables. ##
## ---------------- ##

ac_cv_build=x86_64-unknown-linux-gnu
ac_cv_c_bigendian=no
ac_cv_c_compiler_gnu=yes
ac_cv_env_ALL_CFLAGS_set=
ac_cv_env_ALL_CFLAGS_value=
ac_cv_env_ALL_LIBS_set=
ac_cv_env_ALL_LIBS_value=
ac_cv_env_CC_set=
ac_cv_env_CC_value=
ac_cv_env_CFLAGS_set=set
ac_cv_env_CFLAGS_value='-Wall -g -O0 -fno-omit-frame-pointer'
ac_cv_env_CLUTTER_CFLAGS_set=
ac_cv_env_CLUTTER_CFLAGS_value=
ac_cv_env_CLUTTER_LIBS_set=
ac_cv_env_CLUTTER_LIBS_value=
ac_cv_env_CPPFLAGS_set=
ac_cv_env_CPPFLAGS_value=
ac_cv_env_CPP_set=
ac_cv_env_CPP_value=
ac_cv_env_GTKDOC_DEPS_CFLAGS_set=
ac_cv_env_GTKDOC_DEPS_CFLAGS_value=
ac_cv_env_GTKDOC_DEPS_LIBS_set=
ac_cv_env_GTKDOC_DEPS_LIBS_value=
ac_cv_env_LDFLAGS_set=set
ac_cv_env_LDFLAGS_value='-L/opt/gnome/lib64 '
ac_cv_env_LIBS_set=
ac_cv_env_LIBS_value=
ac_cv_env_MUTTER_CFLAGS_set=
ac_cv_env_MUTTER_CFLAGS_value=
ac_cv_env_MUTTER_LIBS_set=
ac_cv_env_MUTTER_LIBS_value=
ac_cv_env_PKG_CONFIG_LIBDIR_set=
ac_cv_env_PKG_CONFIG_LIBDIR_value=
ac_cv_env_PKG_CONFIG_PATH_set=set
ac_cv_env_PKG_CONFIG_PATH_value=/opt/gnome/lib64/pkgconfig:/opt/gnome/share/pkgconfig:/usr/share/pkgconfig:/usr/lib/pkgconfig
ac_cv_env_PKG_CONFIG_set=
ac_cv_env_PKG_CONFIG_value=
ac_cv_env_XMKMF_set=
ac_cv_env_XMKMF_value=
ac_cv_env_build_alias_set=
ac_cv_env_build_alias_value=
ac_cv_env_host_alias_set=
ac_cv_env_host_alias_value=
ac_cv_env_target_alias_set=
ac_cv_env_target_alias_value=
ac_cv_func_bind_textdomain_codeset=yes
ac_cv_func_connect=yes
ac_cv_func_dcgettext=yes
ac_cv_func_gethostbyname=yes
ac_cv_func_remove=yes
ac_cv_func_shmat=yes
ac_cv_have_x='have_x=yes	ac_x_includes='\'''\''	ac_x_libraries='\'''\'''
ac_cv_header_X11_XKBlib_h=yes
ac_cv_header_X11_extensions_Xinerama_h=yes
ac_cv_header_X11_extensions_Xrandr_h=yes
ac_cv_header_X11_extensions_shape_h=yes
ac_cv_header_X11_extensions_sync_h=yes
ac_cv_header_dlfcn_h=yes
ac_cv_header_inttypes_h=yes
ac_cv_header_libintl_h=yes
ac_cv_header_locale_h=yes
ac_cv_header_memory_h=yes
ac_cv_header_stdc=yes
ac_cv_header_stdint_h=yes
ac_cv_header_stdlib_h=yes
ac_cv_header_string_h=yes
ac_cv_header_strings_h=yes
ac_cv_header_sys_stat_h=yes
ac_cv_header_sys_types_h=yes
ac_cv_header_unistd_h=yes
ac_cv_host=x86_64-unknown-linux-gnu
ac_cv_lib_ICE_IceConnectionNumber=yes
ac_cv_lib_X11_XkbQueryExtension=yes
ac_cv_lib_Xext_XShapeQueryExtension=yes
ac_cv_lib_Xext_XSyncQueryExtension=yes
ac_cv_lib_Xinerama_XineramaQueryExtension=yes
ac_cv_lib_Xrandr_XRRUpdateConfiguration=yes
ac_cv_objext=o
ac_cv_path_EGREP='/bin/grep -E'
ac_cv_path_FGREP='/bin/grep -F'
ac_cv_path_GDK_PIXBUF_CSOURCE=/opt/gnome/bin/gdk-pixbuf-csource
ac_cv_path_GMSGFMT=/usr/bin/msgfmt
ac_cv_path_GREP=/bin/grep
ac_cv_path_GTKDOC_CHECK_PATH=/opt/gnome/bin/gtkdoc-check
ac_cv_path_GTKDOC_MKPDF=/opt/gnome/bin/gtkdoc-mkpdf
ac_cv_path_GTKDOC_REBASE=/opt/gnome/bin/gtkdoc-rebase
ac_cv_path_INTLTOOL_EXTRACT=/opt/gnome/bin/intltool-extract
ac_cv_path_INTLTOOL_MERGE=/opt/gnome/bin/intltool-merge
ac_cv_path_INTLTOOL_PERL=/usr/bin/perl
ac_cv_path_INTLTOOL_UPDATE=/opt/gnome/bin/intltool-update
ac_cv_path_MSGFMT=/usr/bin/msgfmt
ac_cv_path_MSGMERGE=/usr/bin/msgmerge
ac_cv_path_SED=/bin/sed
ac_cv_path_XGETTEXT=/usr/bin/xgettext
ac_cv_path_ZENITY=/opt/gnome/bin/zenity
ac_cv_path_ac_pt_PKG_CONFIG=/usr/bin/pkg-config
ac_cv_path_mkdir=/bin/mkdir
ac_cv_prog_AWK=gawk
ac_cv_prog_CPP='gcc -E'
ac_cv_prog_GTKDOC_CHECK=gtkdoc-check.test
ac_cv_prog_ac_ct_AR=ar
ac_cv_prog_ac_ct_CC=gcc
ac_cv_prog_ac_ct_DLLTOOL=dlltool
ac_cv_prog_ac_ct_MANIFEST_TOOL=mt
ac_cv_prog_ac_ct_OBJDUMP=objdump
ac_cv_prog_ac_ct_RANLIB=ranlib
ac_cv_prog_ac_ct_STRIP=strip
ac_cv_prog_cc_c89=
ac_cv_prog_cc_g=yes
ac_cv_prog_make_make_set=yes
ac_cv_search_strerror='none required'
ac_cv_sizeof___int64=0
ac_cv_sizeof_char=1
ac_cv_sizeof_int=4
ac_cv_sizeof_long=8
ac_cv_sizeof_long_long=8
ac_cv_sizeof_short=2
ac_cv_sizeof_void_p=8
am_cv_CC_dependencies_compiler_type=gcc3
am_cv_make_support_nested_variables=yes
am_cv_prog_cc_c_o=yes
am_cv_prog_tar_ustar=gnutar
am_cv_val_LC_MESSAGES=yes
gt_cv_func_dgettext_libc=yes
gt_cv_func_dgettext_libintl=no
gt_cv_func_ngettext_libc=yes
gt_cv_have_gettext=yes
lt_cv_ar_at_file=@
lt_cv_archive_cmds_need_lc=no
lt_cv_deplibs_check_method=pass_all
lt_cv_file_magic_cmd='$MAGIC_CMD'
lt_cv_file_magic_test_file=
lt_cv_ld_reload_flag=-r
lt_cv_nm_interface='BSD nm'
lt_cv_objdir=.libs
lt_cv_path_LD=/usr/bin/ld
lt_cv_path_NM='/usr/bin/nm -B'
lt_cv_path_mainfest_tool=no
lt_cv_prog_compiler_c_o=yes
lt_cv_prog_compiler_pic='-fPIC -DPIC'
lt_cv_prog_compiler_pic_works=yes
lt_cv_prog_compiler_rtti_exceptions=no
lt_cv_prog_compiler_static_works=yes
lt_cv_prog_gnu_ld=yes
lt_cv_sharedlib_from_linklib_cmd='printf %s\n'
lt_cv_shlibpath_overrides_runpath=no
lt_cv_sys_global_symbol_pipe='sed -n -e '\''s/^.*[	 ]\([ABCDGIRSTW][ABCDGIRSTW]*\)[	 ][	 ]*\([_A-Za-z][_A-Za-z0-9]*\)$/\1 \2 \2/p'\'' | sed '\''/ __gnu_lto/d'\'''
lt_cv_sys_global_symbol_to_c_name_address='sed -n -e '\''s/^: \([^ ]*\)[ ]*$/  {\"\1\", (void *) 0},/p'\'' -e '\''s/^[ABCDGIRSTW]* \([^ ]*\) \([^ ]*\)$/  {"\2", (void *) \&\2},/p'\'''
lt_cv_sys_global_symbol_to_c_name_address_lib_prefix='sed -n -e '\''s/^: \([^ ]*\)[ ]*$/  {\"\1\", (void *) 0},/p'\'' -e '\''s/^[ABCDGIRSTW]* \([^ ]*\) \(lib[^ ]*\)$/  {"\2", (void *) \&\2},/p'\'' -e '\''s/^[ABCDGIRSTW]* \([^ ]*\) \([^ ]*\)$/  {"lib\2", (void *) \&\2},/p'\'''
lt_cv_sys_global_symbol_to_cdecl='sed -n -e '\''s/^T .* \(.*\)$/extern int \1();/p'\'' -e '\''s/^[ABCDGIRSTW]* .* \(.*\)$/extern char \1;/p'\'''
lt_cv_sys_max_cmd_len=1572864
lt_cv_to_host_file_cmd=func_convert_file_noop
lt_cv_to_tool_file_cmd=func_convert_file_noop
pkg_cv_ALL_CFLAGS='-I/opt/gnome/include/glib-2.0 -I/opt/gnome/lib64/glib-2.0/include  '
pkg_cv_ALL_LIBS='-L/opt/gnome/lib64 -lglib-2.0  '
pkg_cv_CLUTTER_CFLAGS='-pthread -I/opt/gnome/include/clutter-1.0 -I/opt/gnome/include/pango-1.0 -I/opt/gnome/include/cogl -I/opt/gnome/include/atk-1.0 -I/opt/gnome/include/json-glib-1.0 -I/opt/gnome/include/gtk-3.0 -I/opt/gnome/include/libevdev-1.0/ -I/opt/gnome/include/harfbuzz -I/usr/include/freetype2 -I/opt/gnome/include/glib-2.0 -I/opt/gnome/lib64/glib-2.0/include -I/opt/gnome/include/gdk-pixbuf-2.0 -I/opt/gnome/include/gio-unix-2.0/ -I/usr/include/cairo -I/usr/include/gudev-1.0 -I/usr/include/pixman-1 -I/usr/include/libpng12 -I/usr/include/libdrm  '
pkg_cv_CLUTTER_LIBS='-pthread -L/opt/gnome/lib64 -lclutter-1.0 -lcogl-path -latk-1.0 -lcogl-pango -ljson-glib-1.0 -lgdk-3 -lgudev-1.0 -levdev -lxkbcommon -lXi -lcogl -lgmodule-2.0 -lEGL -lX11 -lXext -lXdamage -lXcomposite -lXrandr -lgio-2.0 -lpangocairo-1.0 -lgdk_pixbuf-2.0 -lcairo-gobject -lpango-1.0 -lcairo -lgobject-2.0 -lglib-2.0 -lXfixes  '
pkg_cv_MUTTER_CFLAGS='-pthread -D_REENTRANT -I/opt/gnome/include/gtk-3.0 -I/opt/gnome/include/atk-1.0 -I/opt/gnome/include/at-spi2-atk/2.0 -I/opt/gnome/include/pango-1.0 -I/opt/gnome/include/gio-unix-2.0/ -I/opt/gnome/include/gdk-pixbuf-2.0 -I/opt/gnome/include/glib-2.0 -I/opt/gnome/lib64/glib-2.0/include -I/opt/gnome/include/harfbuzz -I/usr/include/freetype2 -I/opt/gnome/include/clutter-1.0 -I/opt/gnome/include/cogl -I/opt/gnome/include/json-glib-1.0 -I/opt/gnome/include/libevdev-1.0/ -I/opt/gnome/include/libupower-glib -I/opt/gnome/include/gnome-desktop-3.0 -I/opt/gnome/include/gobject-introspection-1.0 -I/opt/gnome/include/gsettings-desktop-schemas -I/usr/include/cairo -I/usr/include/pixman-1 -I/usr/include/libpng12 -I/usr/include/gudev-1.0 -I/usr/include/libdrm -I/usr/include/startup-notification-1.0  '
pkg_cv_MUTTER_LIBS='-pthread -L/opt/gnome/lib64 -lXrender -lclutter-1.0 -lcogl-path -lcogl-pango -ljson-glib-1.0 -lgudev-1.0 -levdev -lxkbcommon -lXi -lcogl -lgmodule-2.0 -lEGL -lXext -lXdamage -lXcomposite -lXrandr -lXfixes -lupower-glib -lgnome-desktop-3 -lstartup-notification-1 -lcanberra-gtk3 -lX11 -lcanberra -lgtk-3 -lgdk-3 -latk-1.0 -lgio-2.0 -lpangocairo-1.0 -lgdk_pixbuf-2.0 -lcairo-gobject -lpango-1.0 -lcairo -lgirepository-1.0 -lgobject-2.0 -lglib-2.0 -lXcursor  '

## ----------------- ##
## Output variables. ##
## ----------------- ##










		$(INSTALL_DATA) $^ "$(DESTDIR)$(gsettingsschemadir)"; \
		test -n "$(GSETTINGS_DISABLE_SCHEMAS_COMPILE)$(DESTDIR)" || $(GLIB_COMPILE_SCHEMAS) $(gsettingsschemadir); \
		test -z "$(gsettingsschemadir)" || $(MKDIR_P) "$(DESTDIR)$(gsettingsschemadir)"; \
	$(AM_V_GEN) $(GLIB_COMPILE_SCHEMAS) --strict --dry-run $(addprefix --schema-file=,$(gsettings__enum_file)) --schema-file=$< && mkdir -p $(@D) && touch $@
	$(AM_V_GEN) glib-mkenums --comments '\''<!-- @comment@ -->'\'' --fhead "<schemalist>" --vhead "  <@type@ id='\''$(gsettings_ENUM_NAMESPACE).@EnumName@'\''>" --vprod "    <value nick='\''@valuenick@'\'' value='\''@valuenum@'\''/>" --vtail "  </@type@>" --ftail "</schemalist>" $^ > $@.tmp && mv $@.tmp $@
	@$(NORMAL_INSTALL)
	@$(NORMAL_UNINSTALL)
	@list='\''$(gsettings_SCHEMAS) $(gsettings__enum_file)'\''; test -n "$(gsettingsschemadir)" || list=; \
	cd "$(DESTDIR)$(gsettingsschemadir)" && rm -f $$files
	echo " ( cd '\''$(DESTDIR)$(gsettingsschemadir)'\'' && rm -f" $$files ")"; \
	fi
	files=`for p in $$list; do echo $$p; done | sed -e '\''s|^.*/||'\''`; \
	if test -n "$^"; then \
	rm -f $(gsettings_SCHEMAS:.xml=.valid) $(gsettings__enum_file)
	test -n "$$files" || exit 0; \
	test -n "$(GSETTINGS_DISABLE_SCHEMAS_COMPILE)$(DESTDIR)" || $(GLIB_COMPILE_SCHEMAS) $(gsettingsschemadir)
$(gsettings__enum_file): $(gsettings_ENUM_FILES)
%.gschema.valid: %.gschema.xml $(gsettings__enum_file)
.PHONY : uninstall-gsettings-schemas install-gsettings-schemas clean-gsettings-schemas
.SECONDARY: $(gsettings_SCHEMAS)
ACLOCAL='${SHELL} /home/darkness/gnome-shell/source/mutter/missing aclocal-1.14'
ACLOCAL_AMFLAGS='${ACLOCAL_FLAGS}'
ALL_CFLAGS='-I/opt/gnome/include/glib-2.0 -I/opt/gnome/lib64/glib-2.0/include  '
ALL_LIBS='-L/opt/gnome/lib64 -lglib-2.0  '
ALL_LINGUAS=''
AMDEPBACKSLASH='\'
AMDEP_FALSE='#'
AMDEP_TRUE=''
AMTAR='$${TAR-tar}'
AM_BACKSLASH='\'
AM_DEFAULT_V='$(AM_DEFAULT_VERBOSITY)'
AM_DEFAULT_VERBOSITY='0'
AM_V='$(V)'
AR='ar'
AS='as'
AUTOCONF='${SHELL} /home/darkness/gnome-shell/source/mutter/missing autoconf'
AUTOHEADER='${SHELL} /home/darkness/gnome-shell/source/mutter/missing autoheader'
AUTOMAKE='${SHELL} /home/darkness/gnome-shell/source/mutter/missing automake-1.14'
AWK='gawk'
CATALOGS=''
CATOBJEXT='.gmo'
CC='gcc'
CCDEPMODE='depmode=gcc3'
CFLAGS='-Wall -g -O0 -fno-omit-frame-pointer'
CLUTTER_CFLAGS='-pthread -I/opt/gnome/include/clutter-1.0 -I/opt/gnome/include/pango-1.0 -I/opt/gnome/include/cogl -I/opt/gnome/include/atk-1.0 -I/opt/gnome/include/json-glib-1.0 -I/opt/gnome/include/gtk-3.0 -I/opt/gnome/include/libevdev-1.0/ -I/opt/gnome/include/harfbuzz -I/usr/include/freetype2 -I/opt/gnome/include/glib-2.0 -I/opt/gnome/lib64/glib-2.0/include -I/opt/gnome/include/gdk-pixbuf-2.0 -I/opt/gnome/include/gio-unix-2.0/ -I/usr/include/cairo -I/usr/include/gudev-1.0 -I/usr/include/pixman-1 -I/usr/include/libpng12 -I/usr/include/libdrm  '
CLUTTER_LIBS='-pthread -L/opt/gnome/lib64 -lclutter-1.0 -lcogl-path -latk-1.0 -lcogl-pango -ljson-glib-1.0 -lgdk-3 -lgudev-1.0 -levdev -lxkbcommon -lXi -lcogl -lgmodule-2.0 -lEGL -lX11 -lXext -lXdamage -lXcomposite -lXrandr -lgio-2.0 -lpangocairo-1.0 -lgdk_pixbuf-2.0 -lcairo-gobject -lpango-1.0 -lcairo -lgobject-2.0 -lglib-2.0 -lXfixes  '
CLUTTER_PACKAGE='clutter-1.0'
CPP='gcc -E'
CPPFLAGS=''
CYGPATH_W='echo'
DATADIRNAME='share'
DEFS='-DHAVE_CONFIG_H'
DEPDIR='.deps'
DLLTOOL='dlltool'
DSYMUTIL=''
DUMPBIN=''
ECHO_C=''
ECHO_N='-n'
ECHO_T=''
EGREP='/bin/grep -E'
ENABLE_GTK_DOC_FALSE=''
ENABLE_GTK_DOC_TRUE='#'
EXEEXT=''
FGREP='/bin/grep -F'
GDK_PIXBUF_CSOURCE='/opt/gnome/bin/gdk-pixbuf-csource'
GETTEXT_PACKAGE='mutter'
GLIB_CFLAGS='-I/opt/gnome/include/glib-2.0 -I/opt/gnome/lib64/glib-2.0/include  '
GLIB_COMPILE_RESOURCES='glib-compile-resources'
GLIB_COMPILE_SCHEMAS='glib-compile-schemas'
GLIB_GENMARSHAL='glib-genmarshal'
GLIB_LIBS='-L/opt/gnome/lib64 -lglib-2.0  '
GLIB_MKENUMS='glib-mkenums'
GMOFILES=''
GMSGFMT='/usr/bin/msgfmt'
GNOME_KEYBINDINGS_KEYSDIR='${datarootdir}/gnome-control-center/keybindings'
GOBJECT_QUERY='gobject-query'
GREP='/bin/grep'
GSETTINGS_DISABLE_SCHEMAS_COMPILE=''
GSETTINGS_RULES='
GTKDOC_CHECK='gtkdoc-check.test'
GTKDOC_CHECK_PATH='/opt/gnome/bin/gtkdoc-check'
GTKDOC_DEPS_CFLAGS=''
GTKDOC_DEPS_LIBS=''
GTKDOC_MKPDF='/opt/gnome/bin/gtkdoc-mkpdf'
GTKDOC_REBASE='/opt/gnome/bin/gtkdoc-rebase'
GTK_DOC_BUILD_HTML_FALSE='#'
GTK_DOC_BUILD_HTML_TRUE=''
GTK_DOC_BUILD_PDF_FALSE=''
GTK_DOC_BUILD_PDF_TRUE='#'
GTK_DOC_USE_LIBTOOL_FALSE='#'
GTK_DOC_USE_LIBTOOL_TRUE=''
GTK_DOC_USE_REBASE_FALSE='#'
GTK_DOC_USE_REBASE_TRUE=''
HAVE_INTROSPECTION_FALSE='#'
HAVE_INTROSPECTION_TRUE=''
HAVE_SM_FALSE='#'
HAVE_SM_TRUE=''
HOST_ALIAS=''
HTML_DIR='${datadir}/gtk-doc/html'
INSTALL_DATA='${INSTALL} -m 644'
INSTALL_PROGRAM='${INSTALL}'
INSTALL_SCRIPT='${INSTALL}'
INSTALL_STRIP_PROGRAM='$(install_sh) -c -s'
INSTOBJEXT='.mo'
INTLLIBS=''
INTLTOOL_CAVES_RULE='%.caves:     %.caves.in     $(INTLTOOL_MERGE) $(wildcard $(top_srcdir)/po/*.po) ; $(INTLTOOL_V_MERGE)LC_ALL=C $(INTLTOOL_MERGE) $(INTLTOOL_V_MERGE_OPTIONS) -d -u -c $(top_builddir)/po/.intltool-merge-cache $(top_srcdir)/po $< $@'
INTLTOOL_DESKTOP_RULE='%.desktop:   %.desktop.in   $(INTLTOOL_MERGE) $(wildcard $(top_srcdir)/po/*.po) ; $(INTLTOOL_V_MERGE)LC_ALL=C $(INTLTOOL_MERGE) $(INTLTOOL_V_MERGE_OPTIONS) -d -u -c $(top_builddir)/po/.intltool-merge-cache $(top_srcdir)/po $< $@'
INTLTOOL_DIRECTORY_RULE='%.directory: %.directory.in $(INTLTOOL_MERGE) $(wildcard $(top_srcdir)/po/*.po) ; $(INTLTOOL_V_MERGE)LC_ALL=C $(INTLTOOL_MERGE) $(INTLTOOL_V_MERGE_OPTIONS) -d -u -c $(top_builddir)/po/.intltool-merge-cache $(top_srcdir)/po $< $@'
INTLTOOL_EXTRACT='/opt/gnome/bin/intltool-extract'
INTLTOOL_KBD_RULE='%.kbd:       %.kbd.in       $(INTLTOOL_MERGE) $(wildcard $(top_srcdir)/po/*.po) ; $(INTLTOOL_V_MERGE)LC_ALL=C $(INTLTOOL_MERGE) $(INTLTOOL_V_MERGE_OPTIONS) -x -u -m -c $(top_builddir)/po/.intltool-merge-cache $(top_srcdir)/po $< $@'
INTLTOOL_KEYS_RULE='%.keys:      %.keys.in      $(INTLTOOL_MERGE) $(wildcard $(top_srcdir)/po/*.po) ; $(INTLTOOL_V_MERGE)LC_ALL=C $(INTLTOOL_MERGE) $(INTLTOOL_V_MERGE_OPTIONS) -k -u -c $(top_builddir)/po/.intltool-merge-cache $(top_srcdir)/po $< $@'
INTLTOOL_MERGE='/opt/gnome/bin/intltool-merge'
INTLTOOL_OAF_RULE='%.oaf:       %.oaf.in       $(INTLTOOL_MERGE) $(wildcard $(top_srcdir)/po/*.po) ; $(INTLTOOL_V_MERGE)LC_ALL=C $(INTLTOOL_MERGE) $(INTLTOOL_V_MERGE_OPTIONS) -o -p $(top_srcdir)/po $< $@'
INTLTOOL_PERL='/usr/bin/perl'
INTLTOOL_POLICY_RULE='%.policy:    %.policy.in    $(INTLTOOL_MERGE) $(wildcard $(top_srcdir)/po/*.po) ; $(INTLTOOL_V_MERGE)LC_ALL=C $(INTLTOOL_MERGE) $(INTLTOOL_V_MERGE_OPTIONS) -x -u -c $(top_builddir)/po/.intltool-merge-cache $(top_srcdir)/po $< $@'
INTLTOOL_PONG_RULE='%.pong:      %.pong.in      $(INTLTOOL_MERGE) $(wildcard $(top_srcdir)/po/*.po) ; $(INTLTOOL_V_MERGE)LC_ALL=C $(INTLTOOL_MERGE) $(INTLTOOL_V_MERGE_OPTIONS) -x -u -c $(top_builddir)/po/.intltool-merge-cache $(top_srcdir)/po $< $@'
INTLTOOL_PROP_RULE='%.prop:      %.prop.in      $(INTLTOOL_MERGE) $(wildcard $(top_srcdir)/po/*.po) ; $(INTLTOOL_V_MERGE)LC_ALL=C $(INTLTOOL_MERGE) $(INTLTOOL_V_MERGE_OPTIONS) -d -u -c $(top_builddir)/po/.intltool-merge-cache $(top_srcdir)/po $< $@'
INTLTOOL_SCHEMAS_RULE='%.schemas:   %.schemas.in   $(INTLTOOL_MERGE) $(wildcard $(top_srcdir)/po/*.po) ; $(INTLTOOL_V_MERGE)LC_ALL=C $(INTLTOOL_MERGE) $(INTLTOOL_V_MERGE_OPTIONS) -s -u -c $(top_builddir)/po/.intltool-merge-cache $(top_srcdir)/po $< $@'
INTLTOOL_SERVER_RULE='%.server:    %.server.in    $(INTLTOOL_MERGE) $(wildcard $(top_srcdir)/po/*.po) ; $(INTLTOOL_V_MERGE)LC_ALL=C $(INTLTOOL_MERGE) $(INTLTOOL_V_MERGE_OPTIONS) -o -u -c $(top_builddir)/po/.intltool-merge-cache $(top_srcdir)/po $< $@'
INTLTOOL_SERVICE_RULE='%.service: %.service.in   $(INTLTOOL_MERGE) $(wildcard $(top_srcdir)/po/*.po) ; $(INTLTOOL_V_MERGE)LC_ALL=C $(INTLTOOL_MERGE) $(INTLTOOL_V_MERGE_OPTIONS) -d -u -c $(top_builddir)/po/.intltool-merge-cache $(top_srcdir)/po $< $@'
INTLTOOL_SHEET_RULE='%.sheet:     %.sheet.in     $(INTLTOOL_MERGE) $(wildcard $(top_srcdir)/po/*.po) ; $(INTLTOOL_V_MERGE)LC_ALL=C $(INTLTOOL_MERGE) $(INTLTOOL_V_MERGE_OPTIONS) -x -u -c $(top_builddir)/po/.intltool-merge-cache $(top_srcdir)/po $< $@'
INTLTOOL_SOUNDLIST_RULE='%.soundlist: %.soundlist.in $(INTLTOOL_MERGE) $(wildcard $(top_srcdir)/po/*.po) ; $(INTLTOOL_V_MERGE)LC_ALL=C $(INTLTOOL_MERGE) $(INTLTOOL_V_MERGE_OPTIONS) -d -u -c $(top_builddir)/po/.intltool-merge-cache $(top_srcdir)/po $< $@'
INTLTOOL_THEME_RULE='%.theme:     %.theme.in     $(INTLTOOL_MERGE) $(wildcard $(top_srcdir)/po/*.po) ; $(INTLTOOL_V_MERGE)LC_ALL=C $(INTLTOOL_MERGE) $(INTLTOOL_V_MERGE_OPTIONS) -d -u -c $(top_builddir)/po/.intltool-merge-cache $(top_srcdir)/po $< $@'
INTLTOOL_UI_RULE='%.ui:        %.ui.in        $(INTLTOOL_MERGE) $(wildcard $(top_srcdir)/po/*.po) ; $(INTLTOOL_V_MERGE)LC_ALL=C $(INTLTOOL_MERGE) $(INTLTOOL_V_MERGE_OPTIONS) -x -u -c $(top_builddir)/po/.intltool-merge-cache $(top_srcdir)/po $< $@'
INTLTOOL_UPDATE='/opt/gnome/bin/intltool-update'
INTLTOOL_V_MERGE='$(INTLTOOL__v_MERGE_$(V))'
INTLTOOL_V_MERGE_OPTIONS='$(intltool__v_merge_options_$(V))'
INTLTOOL_XAM_RULE='%.xam:       %.xml.in       $(INTLTOOL_MERGE) $(wildcard $(top_srcdir)/po/*.po) ; $(INTLTOOL_V_MERGE)LC_ALL=C $(INTLTOOL_MERGE) $(INTLTOOL_V_MERGE_OPTIONS) -x -u -c $(top_builddir)/po/.intltool-merge-cache $(top_srcdir)/po $< $@'
INTLTOOL_XML_NOMERGE_RULE='%.xml:       %.xml.in       $(INTLTOOL_MERGE) ; $(INTLTOOL_V_MERGE)LC_ALL=C $(INTLTOOL_MERGE) $(INTLTOOL_V_MERGE_OPTIONS) -x -u --no-translations $< $@'
INTLTOOL_XML_RULE='%.xml:       %.xml.in       $(INTLTOOL_MERGE) $(wildcard $(top_srcdir)/po/*.po) ; $(INTLTOOL_V_MERGE)LC_ALL=C $(INTLTOOL_MERGE) $(INTLTOOL_V_MERGE_OPTIONS) -x -u -c $(top_builddir)/po/.intltool-merge-cache $(top_srcdir)/po $< $@'
INTLTOOL__v_MERGE_0='@echo "  ITMRG " $@;'
INTLTOOL__v_MERGE_='$(INTLTOOL__v_MERGE_$(AM_DEFAULT_VERBOSITY))'
INTROSPECTION_CFLAGS='-pthread -I/opt/gnome/include/gobject-introspection-1.0 -I/opt/gnome/include/glib-2.0 -I/opt/gnome/lib64/glib-2.0/include  '
INTROSPECTION_COMPILER='/opt/gnome/bin/g-ir-compiler'
INTROSPECTION_GENERATE='/opt/gnome/bin/g-ir-generate'
INTROSPECTION_GIRDIR='/opt/gnome/share/gir-1.0'
INTROSPECTION_LIBS='-L/opt/gnome/lib64 -lgirepository-1.0 -lgobject-2.0 -lglib-2.0  '
INTROSPECTION_MAKEFILE='/opt/gnome/share/gobject-introspection-1.0/Makefile.introspection'
INTROSPECTION_SCANNER='/opt/gnome/bin/g-ir-scanner'
INTROSPECTION_TYPELIBDIR='/opt/gnome/lib64/girepository-1.0'
LD='/usr/bin/ld -m elf_x86_64'
LDFLAGS='-L/opt/gnome/lib64 '
LIBOBJS=''
LIBS=''
LIBTOOL='$(SHELL) $(top_builddir)/libtool'
LIPO=''
LN_S='ln -s'
LTLIBOBJS=''
MAINT=''
MAINTAINER_MODE_FALSE='#'
MAINTAINER_MODE_TRUE=''
MAKEINFO='${SHELL} /home/darkness/gnome-shell/source/mutter/missing makeinfo'
MANIFEST_TOOL=':'
META_GIR='Meta_3_0_gir'
MKDIR_P='/bin/mkdir -p'
MKINSTALLDIRS='./mkinstalldirs'
MSGFMT='/usr/bin/msgfmt'
MSGFMT_OPTS='-c'
MSGMERGE='/usr/bin/msgmerge'
MUTTER_CFLAGS='-pthread -D_REENTRANT -I/opt/gnome/include/gtk-3.0 -I/opt/gnome/include/atk-1.0 -I/opt/gnome/include/at-spi2-atk/2.0 -I/opt/gnome/include/pango-1.0 -I/opt/gnome/include/gio-unix-2.0/ -I/opt/gnome/include/gdk-pixbuf-2.0 -I/opt/gnome/include/glib-2.0 -I/opt/gnome/lib64/glib-2.0/include -I/opt/gnome/include/harfbuzz -I/usr/include/freetype2 -I/opt/gnome/include/clutter-1.0 -I/opt/gnome/include/cogl -I/opt/gnome/include/json-glib-1.0 -I/opt/gnome/include/libevdev-1.0/ -I/opt/gnome/include/libupower-glib -I/opt/gnome/include/gnome-desktop-3.0 -I/opt/gnome/include/gobject-introspection-1.0 -I/opt/gnome/include/gsettings-desktop-schemas -I/usr/include/cairo -I/usr/include/pixman-1 -I/usr/include/libpng12 -I/usr/include/gudev-1.0 -I/usr/include/libdrm -I/usr/include/startup-notification-1.0  '
MUTTER_LIBS='-pthread -L/opt/gnome/lib64 -lXrender -lclutter-1.0 -lcogl-path -lcogl-pango -ljson-glib-1.0 -lgudev-1.0 -levdev -lxkbcommon -lXi -lcogl -lgmodule-2.0 -lEGL -lXext -lXdamage -lXcomposite -lXrandr -lXfixes -lupower-glib -lgnome-desktop-3 -lstartup-notification-1 -lcanberra-gtk3 -lX11 -lcanberra -lgtk-3 -lgdk-3 -latk-1.0 -lgio-2.0 -lpangocairo-1.0 -lgdk_pixbuf-2.0 -lcairo-gobject -lpango-1.0 -lcairo -lgirepository-1.0 -lgobject-2.0 -lglib-2.0 -lXcursor   -lXext -lXrandr -lXext   -lSM -lICE -lX11 -lXext -lXinerama  -lm'
MUTTER_MAJOR_VERSION='3'
MUTTER_MICRO_VERSION='2'
MUTTER_MINOR_VERSION='10'
MUTTER_PLUGIN_API_VERSION='3'
MUTTER_PLUGIN_DIR='/opt/gnome/lib64/mutter/plugins'
NM='/usr/bin/nm -B'
NMEDIT=''
OBJDUMP='objdump'
OBJEXT='o'
OTOOL64=''
OTOOL=''
PACKAGE='mutter'
PACKAGE_BUGREPORT='http://bugzilla.gnome.org/enter_bug.cgi?product=mutter'
PACKAGE_NAME='mutter'
PACKAGE_STRING='mutter 3.10.2'
PACKAGE_TARNAME='mutter'
PACKAGE_URL=''
PACKAGE_VERSION='3.10.2'
PATH_SEPARATOR=':'
PKG_CONFIG='/usr/bin/pkg-config'
PKG_CONFIG_LIBDIR=''
PKG_CONFIG_PATH='/opt/gnome/lib64/pkgconfig:/opt/gnome/share/pkgconfig:/usr/share/pkgconfig:/usr/lib/pkgconfig'
POFILES=''
POSUB='po'
PO_IN_DATADIR_FALSE=''
PO_IN_DATADIR_TRUE=''
RANLIB='ranlib'
SED='/bin/sed'
SET_MAKE=''
SHELL='/bin/bash'
STRIP='strip'
USE_NLS='yes'
VERSION='3.10.2'
XGETTEXT='/usr/bin/xgettext'
XMKMF=''
X_CFLAGS=''
X_EXTRA_LIBS='-lXext -lXinerama '
X_LIBS=''
X_PRE_LIBS=' -lSM -lICE'
ZENITY='/opt/gnome/bin/zenity'
ac_ct_AR='ar'
ac_ct_CC='gcc'
ac_ct_DUMPBIN=''
all-am: $(gsettings_SCHEMAS:.xml=.valid)
am__EXEEXT_FALSE=''
am__EXEEXT_TRUE='#'
am__fastdepCC_FALSE='#'
am__fastdepCC_TRUE=''
am__include='include'
am__isrc=''
am__leading_dot='.'
am__nodep='_no'
am__quote=''
am__tar='tar --format=ustar -chf - "$$tardir"'
am__untar='tar -xf -'
bindir='${exec_prefix}/bin'
build='x86_64-unknown-linux-gnu'
build_alias=''
build_cpu='x86_64'
build_os='linux-gnu'
build_vendor='unknown'
clean-gsettings-schemas:
datadir='${datarootdir}'
datarootdir='${prefix}/share'
docdir='${datarootdir}/doc/${PACKAGE_TARNAME}'
dvidir='${docdir}'
endif'
exec_prefix='${prefix}'
gsettings__enum_file = $(addsuffix .enums.xml,$(gsettings_ENUM_NAMESPACE))
gsettingsschemadir='${datarootdir}/glib-2.0/schemas'
host='x86_64-unknown-linux-gnu'
host_alias=''
host_cpu='x86_64'
host_os='linux-gnu'
host_vendor='unknown'
htmldir='${docdir}'
ifdef gsettings_ENUM_NAMESPACE
includedir='${prefix}/include'
infodir='${datarootdir}/info'
install-data-am: install-gsettings-schemas
install-gsettings-schemas: $(gsettings_SCHEMAS) $(gsettings__enum_file)
install_sh='${SHELL} /home/darkness/gnome-shell/source/mutter/install-sh'
intltool__v_merge_options_0='-q'
intltool__v_merge_options_='$(intltool__v_merge_options_$(AM_DEFAULT_VERBOSITY))'
libdir='/opt/gnome/lib64'
libexecdir='${exec_prefix}/libexec'
localedir='${datarootdir}/locale'
localstatedir='${prefix}/var'
mandir='${datarootdir}/man'
mkdir_p='$(MKDIR_P)'
mostlyclean-am: clean-gsettings-schemas
oldincludedir='/usr/include'
pdfdir='${docdir}'
prefix='/opt/gnome'
program_transform_name='s,x,x,'
psdir='${docdir}'
sbindir='${exec_prefix}/sbin'
sharedstatedir='${prefix}/com'
sysconfdir='${prefix}/etc'
target_alias=''
uninstall-am: uninstall-gsettings-schemas
uninstall-gsettings-schemas:

## ----------- ##
## confdefs.h. ##
## ----------- ##

/* confdefs.h */
#define PACKAGE_NAME "mutter"
#define PACKAGE_TARNAME "mutter"
#define PACKAGE_VERSION "3.10.2"
#define PACKAGE_STRING "mutter 3.10.2"
#define PACKAGE_BUGREPORT "http://bugzilla.gnome.org/enter_bug.cgi?product=mutter"
#define PACKAGE_URL ""
#define PACKAGE "mutter"
#define VERSION "3.10.2"
#define GETTEXT_PACKAGE "mutter"
#define STDC_HEADERS 1
#define HAVE_SYS_TYPES_H 1
#define HAVE_SYS_STAT_H 1
#define HAVE_STDLIB_H 1
#define HAVE_STRING_H 1
#define HAVE_MEMORY_H 1
#define HAVE_STRINGS_H 1
#define HAVE_INTTYPES_H 1
#define HAVE_STDINT_H 1
#define HAVE_UNISTD_H 1
#define HAVE_DLFCN_H 1
#define LT_OBJDIR ".libs/"
#define SIZEOF_CHAR 1
#define SIZEOF_SHORT 2
#define SIZEOF_LONG 8
#define SIZEOF_INT 4
#define SIZEOF_VOID_P 8
#define SIZEOF_LONG_LONG 8
#define SIZEOF___INT64 0
#define WITH_VERBOSE_MODE 1
#define HAVE_LOCALE_H 1
#define HAVE_LC_MESSAGES 1
#define HAVE_BIND_TEXTDOMAIN_CODESET 1
#define HAVE_GETTEXT 1
#define HAVE_DCGETTEXT 1
#define ENABLE_NLS 1
#define HAVE_STARTUP_NOTIFICATION /**/
#define HAVE_LIBCANBERRA 1
#define HAVE_INTROSPECTION 1
#define HAVE_XCURSOR /**/
#define HAVE_XI23 1
#define HAVE_SHAPE /**/
#define HAVE_XKB /**/
#define HAVE_RANDR /**/
#define HAVE_XSYNC /**/
#define HAVE_SM /**/

configure: exit 0
